2020-07-03 19:10:35 URL:http://ports.ubuntu.com/ubuntu-ports/dists/bionic/InRelease [242048/242048] -> "/root/Downloads/Ubuntu/arm64/var/lib/apt/lists/partial/ports.ubuntu.com_ubuntu-ports_dists_bionic_InRelease" [1]
2020-07-03 19:10:39 URL:http://ports.ubuntu.com/ubuntu-ports/dists/bionic/main/binary-arm64/by-hash/SHA256/b594c3ae11a0227741779225a0d9d3f3f70704fe6153908aa67e877a27e9467e [974764/974764] -> "/root/Downloads/Ubuntu/arm64/var/lib/apt/lists/partial/ports.ubuntu.com_ubuntu-ports_dists_bionic_main_binary-arm64_Packages.xz" [1]
2020-07-03 19:10:44 URL:http://ports.ubuntu.com/ubuntu-ports/pool/main/a/adduser/adduser_3.116ubuntu1_all.deb [162684/162684] -> "/root/Downloads/Ubuntu/arm64//var/cache/apt/archives/partial/adduser_3.116ubuntu1_all.deb" [1]
2020-07-03 19:10:53 URL:http://ports.ubuntu.com/ubuntu-ports/pool/main/a/apt/apt_1.6.1_arm64.deb [1130292/1130292] -> "/root/Downloads/Ubuntu/arm64//var/cache/apt/archives/partial/apt_1.6.1_arm64.deb" [1]
2020-07-03 19:10:55 URL:http://ports.ubuntu.com/ubuntu-ports/pool/main/b/base-files/base-files_10.1ubuntu2_arm64.deb [58168/58168] -> "/root/Downloads/Ubuntu/arm64//var/cache/apt/archives/partial/base-files_10.1ubuntu2_arm64.deb" [1]
2020-07-03 19:10:56 URL:http://ports.ubuntu.com/ubuntu-ports/pool/main/b/base-passwd/base-passwd_3.5.44_arm64.deb [45644/45644] -> "/root/Downloads/Ubuntu/arm64//var/cache/apt/archives/partial/base-passwd_3.5.44_arm64.deb" [1]
2020-07-03 19:11:00 URL:http://ports.ubuntu.com/ubuntu-ports/pool/main/b/bash/bash_4.4.18-2ubuntu1_arm64.deb [545412/545412] -> "/root/Downloads/Ubuntu/arm64//var/cache/apt/archives/partial/bash_4.4.18-2ubuntu1_arm64.deb" [1]
2020-07-03 19:11:01 URL:http://ports.ubuntu.com/ubuntu-ports/pool/main/u/util-linux/bsdutils_2.31.1-0.4ubuntu3_arm64.deb [54400/54400] -> "/root/Downloads/Ubuntu/arm64//var/cache/apt/archives/partial/bsdutils_1%3a2.31.1-0.4ubuntu3_arm64.deb" [1]
2020-07-03 19:11:03 URL:http://ports.ubuntu.com/ubuntu-ports/pool/main/c/ca-certificates/ca-certificates_20180409_all.deb [150932/150932] -> "/root/Downloads/Ubuntu/arm64//var/cache/apt/archives/partial/ca-certificates_20180409_all.deb" [1]
2020-07-03 19:11:08 URL:http://ports.ubuntu.com/ubuntu-ports/pool/main/c/coreutils/coreutils_8.28-1ubuntu1_arm64.deb [1075696/1075696] -> "/root/Downloads/Ubuntu/arm64//var/cache/apt/archives/partial/coreutils_8.28-1ubuntu1_arm64.deb" [1]
2020-07-03 19:11:09 URL:http://ports.ubuntu.com/ubuntu-ports/pool/main/d/dash/dash_0.5.8-2.10_arm64.deb [80988/80988] -> "/root/Downloads/Ubuntu/arm64//var/cache/apt/archives/partial/dash_0.5.8-2.10_arm64.deb" [1]
2020-07-03 19:11:11 URL:http://ports.ubuntu.com/ubuntu-ports/pool/main/d/debconf/debconf_1.5.66_all.deb [123836/123836] -> "/root/Downloads/Ubuntu/arm64//var/cache/apt/archives/partial/debconf_1.5.66_all.deb" [1]
2020-07-03 19:11:12 URL:http://ports.ubuntu.com/ubuntu-ports/pool/main/d/debianutils/debianutils_4.8.4_arm64.deb [84744/84744] -> "/root/Downloads/Ubuntu/arm64//var/cache/apt/archives/partial/debianutils_4.8.4_arm64.deb" [1]
2020-07-03 19:11:14 URL:http://ports.ubuntu.com/ubuntu-ports/pool/main/d/diffutils/diffutils_3.6-1_arm64.deb [153436/153436] -> "/root/Downloads/Ubuntu/arm64//var/cache/apt/archives/partial/diffutils_1%3a3.6-1_arm64.deb" [1]
2020-07-03 19:11:20 URL:http://ports.ubuntu.com/ubuntu-ports/pool/main/d/dpkg/dpkg_1.19.0.5ubuntu2_arm64.deb [1095732/1095732] -> "/root/Downloads/Ubuntu/arm64//var/cache/apt/archives/partial/dpkg_1.19.0.5ubuntu2_arm64.deb" [1]
2020-07-03 19:11:22 URL:http://ports.ubuntu.com/ubuntu-ports/pool/main/e/e2fsprogs/e2fsprogs_1.44.1-1_arm64.deb [344824/344824] -> "/root/Downloads/Ubuntu/arm64//var/cache/apt/archives/partial/e2fsprogs_1.44.1-1_arm64.deb" [1]
2020-07-03 19:11:24 URL:http://ports.ubuntu.com/ubuntu-ports/pool/main/u/util-linux/fdisk_2.31.1-0.4ubuntu3_arm64.deb [94972/94972] -> "/root/Downloads/Ubuntu/arm64//var/cache/apt/archives/partial/fdisk_2.31.1-0.4ubuntu3_arm64.deb" [1]
2020-07-03 19:11:26 URL:http://ports.ubuntu.com/ubuntu-ports/pool/main/f/findutils/findutils_4.6.0+git+20170828-2_arm64.deb [277580/277580] -> "/root/Downloads/Ubuntu/arm64//var/cache/apt/archives/partial/findutils_4.6.0+git+20170828-2_arm64.deb" [1]
2020-07-03 19:11:27 URL:http://ports.ubuntu.com/ubuntu-ports/pool/main/g/gcc-8/gcc-8-base_8-20180414-1ubuntu2_arm64.deb [18212/18212] -> "/root/Downloads/Ubuntu/arm64//var/cache/apt/archives/partial/gcc-8-base_8-20180414-1ubuntu2_arm64.deb" [1]
2020-07-03 19:11:29 URL:http://ports.ubuntu.com/ubuntu-ports/pool/main/g/gnupg2/gpgv_2.2.4-1ubuntu1_arm64.deb [165396/165396] -> "/root/Downloads/Ubuntu/arm64//var/cache/apt/archives/partial/gpgv_2.2.4-1ubuntu1_arm64.deb" [1]
2020-07-03 19:11:31 URL:http://ports.ubuntu.com/ubuntu-ports/pool/main/g/grep/grep_3.1-2_arm64.deb [142562/142562] -> "/root/Downloads/Ubuntu/arm64//var/cache/apt/archives/partial/grep_3.1-2_arm64.deb" [1]
2020-07-03 19:11:32 URL:http://ports.ubuntu.com/ubuntu-ports/pool/main/g/gzip/gzip_1.6-5ubuntu1_arm64.deb [80368/80368] -> "/root/Downloads/Ubuntu/arm64//var/cache/apt/archives/partial/gzip_1.6-5ubuntu1_arm64.deb" [1]
2020-07-03 19:11:33 URL:http://ports.ubuntu.com/ubuntu-ports/pool/main/h/hostname/hostname_3.20_arm64.deb [10728/10728] -> "/root/Downloads/Ubuntu/arm64//var/cache/apt/archives/partial/hostname_3.20_arm64.deb" [1]
2020-07-03 19:11:34 URL:http://ports.ubuntu.com/ubuntu-ports/pool/main/i/init-system-helpers/init-system-helpers_1.51_all.deb [37260/37260] -> "/root/Downloads/Ubuntu/arm64//var/cache/apt/archives/partial/init-system-helpers_1.51_all.deb" [1]
2020-07-03 19:11:35 URL:http://ports.ubuntu.com/ubuntu-ports/pool/main/a/acl/libacl1_2.2.52-3build1_arm64.deb [13832/13832] -> "/root/Downloads/Ubuntu/arm64//var/cache/apt/archives/partial/libacl1_2.2.52-3build1_arm64.deb" [1]
2020-07-03 19:11:36 URL:http://ports.ubuntu.com/ubuntu-ports/pool/main/a/apparmor/libapparmor1_2.12-4ubuntu5_arm64.deb [28596/28596] -> "/root/Downloads/Ubuntu/arm64//var/cache/apt/archives/partial/libapparmor1_2.12-4ubuntu5_arm64.deb" [1]
2020-07-03 19:11:41 URL:http://ports.ubuntu.com/ubuntu-ports/pool/main/a/apt/libapt-pkg5.0_1.6.1_arm64.deb [759340/759340] -> "/root/Downloads/Ubuntu/arm64//var/cache/apt/archives/partial/libapt-pkg5.0_1.6.1_arm64.deb" [1]
2020-07-03 19:11:42 URL:http://ports.ubuntu.com/ubuntu-ports/pool/main/a/argon2/libargon2-0_0~20161029-1.1_arm64.deb [17864/17864] -> "/root/Downloads/Ubuntu/arm64//var/cache/apt/archives/partial/libargon2-0_0~20161029-1.1_arm64.deb" [1]
2020-07-03 19:11:43 URL:http://ports.ubuntu.com/ubuntu-ports/pool/main/a/attr/libattr1_2.4.47-2build1_arm64.deb [8314/8314] -> "/root/Downloads/Ubuntu/arm64//var/cache/apt/archives/partial/libattr1_1%3a2.4.47-2build1_arm64.deb" [1]
2020-07-03 19:11:44 URL:http://ports.ubuntu.com/ubuntu-ports/pool/main/a/audit/libaudit-common_2.8.2-1ubuntu1_all.deb [4132/4132] -> "/root/Downloads/Ubuntu/arm64//var/cache/apt/archives/partial/libaudit-common_1%3a2.8.2-1ubuntu1_all.deb" [1]
2020-07-03 19:11:45 URL:http://ports.ubuntu.com/ubuntu-ports/pool/main/a/audit/libaudit1_2.8.2-1ubuntu1_arm64.deb [35964/35964] -> "/root/Downloads/Ubuntu/arm64//var/cache/apt/archives/partial/libaudit1_1%3a2.8.2-1ubuntu1_arm64.deb" [1]
2020-07-03 19:11:46 URL:http://ports.ubuntu.com/ubuntu-ports/pool/main/u/util-linux/libblkid1_2.31.1-0.4ubuntu3_arm64.deb [104836/104836] -> "/root/Downloads/Ubuntu/arm64//var/cache/apt/archives/partial/libblkid1_2.31.1-0.4ubuntu3_arm64.deb" [1]
2020-07-03 19:11:47 URL:http://ports.ubuntu.com/ubuntu-ports/pool/main/b/bzip2/libbz2-1.0_1.0.6-8.1_arm64.deb [28672/28672] -> "/root/Downloads/Ubuntu/arm64//var/cache/apt/archives/partial/libbz2-1.0_1.0.6-8.1_arm64.deb" [1]
2020-07-03 19:11:51 URL:http://ports.ubuntu.com/ubuntu-ports/pool/main/g/glibc/libc-bin_2.27-3ubuntu1_arm64.deb [474272/474272] -> "/root/Downloads/Ubuntu/arm64//var/cache/apt/archives/partial/libc-bin_2.27-3ubuntu1_arm64.deb" [1]
2020-07-03 19:11:59 URL:http://ports.ubuntu.com/ubuntu-ports/pool/main/g/glibc/libc6_2.27-3ubuntu1_arm64.deb [2270660/2270660] -> "/root/Downloads/Ubuntu/arm64//var/cache/apt/archives/partial/libc6_2.27-3ubuntu1_arm64.deb" [1]
2020-07-03 19:11:59 URL:http://ports.ubuntu.com/ubuntu-ports/pool/main/libc/libcap-ng/libcap-ng0_0.7.7-3.1_arm64.deb [10028/10028] -> "/root/Downloads/Ubuntu/arm64//var/cache/apt/archives/partial/libcap-ng0_0.7.7-3.1_arm64.deb" [1]
2020-07-03 19:12:00 URL:http://ports.ubuntu.com/ubuntu-ports/pool/main/libc/libcap2/libcap2_2.25-1.2_arm64.deb [12244/12244] -> "/root/Downloads/Ubuntu/arm64//var/cache/apt/archives/partial/libcap2_1%3a2.25-1.2_arm64.deb" [1]
2020-07-03 19:12:01 URL:http://ports.ubuntu.com/ubuntu-ports/pool/main/e/e2fsprogs/libcom-err2_1.44.1-1_arm64.deb [9308/9308] -> "/root/Downloads/Ubuntu/arm64//var/cache/apt/archives/partial/libcom-err2_1.44.1-1_arm64.deb" [1]
2020-07-03 19:12:03 URL:http://ports.ubuntu.com/ubuntu-ports/pool/main/c/cryptsetup/libcryptsetup12_2.0.2-1ubuntu1_arm64.deb [112268/112268] -> "/root/Downloads/Ubuntu/arm64//var/cache/apt/archives/partial/libcryptsetup12_2%3a2.0.2-1ubuntu1_arm64.deb" [1]
2020-07-03 19:12:05 URL:http://ports.ubuntu.com/ubuntu-ports/pool/main/d/db5.3/libdb5.3_5.3.28-13.1ubuntu1_arm64.deb [573120/573120] -> "/root/Downloads/Ubuntu/arm64//var/cache/apt/archives/partial/libdb5.3_5.3.28-13.1ubuntu1_arm64.deb" [1]
2020-07-03 19:12:06 URL:http://ports.ubuntu.com/ubuntu-ports/pool/main/c/cdebconf/libdebconfclient0_0.213ubuntu1_arm64.deb [5888/5888] -> "/root/Downloads/Ubuntu/arm64//var/cache/apt/archives/partial/libdebconfclient0_0.213ubuntu1_arm64.deb" [1]
2020-07-03 19:12:08 URL:http://ports.ubuntu.com/ubuntu-ports/pool/main/l/lvm2/libdevmapper1.02.1_1.02.145-4.1ubuntu3_arm64.deb [100208/100208] -> "/root/Downloads/Ubuntu/arm64//var/cache/apt/archives/partial/libdevmapper1.02.1_2%3a1.02.145-4.1ubuntu3_arm64.deb" [1]
2020-07-03 19:12:10 URL:http://ports.ubuntu.com/ubuntu-ports/pool/main/e/e2fsprogs/libext2fs2_1.44.1-1_arm64.deb [138444/138444] -> "/root/Downloads/Ubuntu/arm64//var/cache/apt/archives/partial/libext2fs2_1.44.1-1_arm64.deb" [1]
2020-07-03 19:12:12 URL:http://ports.ubuntu.com/ubuntu-ports/pool/main/u/util-linux/libfdisk1_2.31.1-0.4ubuntu3_arm64.deb [137968/137968] -> "/root/Downloads/Ubuntu/arm64//var/cache/apt/archives/partial/libfdisk1_2.31.1-0.4ubuntu3_arm64.deb" [1]
2020-07-03 19:12:13 URL:http://ports.ubuntu.com/ubuntu-ports/pool/main/libf/libffi/libffi6_3.2.1-8_arm64.deb [17016/17016] -> "/root/Downloads/Ubuntu/arm64//var/cache/apt/archives/partial/libffi6_3.2.1-8_arm64.deb" [1]
2020-07-03 19:12:14 URL:http://ports.ubuntu.com/ubuntu-ports/pool/main/g/gcc-8/libgcc1_8-20180414-1ubuntu2_arm64.deb [34272/34272] -> "/root/Downloads/Ubuntu/arm64//var/cache/apt/archives/partial/libgcc1_1%3a8-20180414-1ubuntu2_arm64.deb" [1]
2020-07-03 19:12:16 URL:http://ports.ubuntu.com/ubuntu-ports/pool/main/libg/libgcrypt20/libgcrypt20_1.8.1-4ubuntu1_arm64.deb [325324/325324] -> "/root/Downloads/Ubuntu/arm64//var/cache/apt/archives/partial/libgcrypt20_1.8.1-4ubuntu1_arm64.deb" [1]
2020-07-03 19:12:18 URL:http://ports.ubuntu.com/ubuntu-ports/pool/main/g/gmp/libgmp10_6.1.2+dfsg-2_arm64.deb [203552/203552] -> "/root/Downloads/Ubuntu/arm64//var/cache/apt/archives/partial/libgmp10_2%3a6.1.2+dfsg-2_arm64.deb" [1]
2020-07-03 19:12:22 URL:http://ports.ubuntu.com/ubuntu-ports/pool/main/g/gnutls28/libgnutls30_3.5.18-1ubuntu1_arm64.deb [540312/540312] -> "/root/Downloads/Ubuntu/arm64//var/cache/apt/archives/partial/libgnutls30_3.5.18-1ubuntu1_arm64.deb" [1]
2020-07-03 19:12:23 URL:http://ports.ubuntu.com/ubuntu-ports/pool/main/libg/libgpg-error/libgpg-error0_1.27-6_arm64.deb [34040/34040] -> "/root/Downloads/Ubuntu/arm64//var/cache/apt/archives/partial/libgpg-error0_1.27-6_arm64.deb" [1]
2020-07-03 19:12:25 URL:http://ports.ubuntu.com/ubuntu-ports/pool/main/n/nettle/libhogweed4_3.4-1_arm64.deb [129736/129736] -> "/root/Downloads/Ubuntu/arm64//var/cache/apt/archives/partial/libhogweed4_3.4-1_arm64.deb" [1]
2020-07-03 19:12:27 URL:http://ports.ubuntu.com/ubuntu-ports/pool/main/libi/libidn/libidn11_1.33-2.1ubuntu1_arm64.deb [43512/43512] -> "/root/Downloads/Ubuntu/arm64//var/cache/apt/archives/partial/libidn11_1.33-2.1ubuntu1_arm64.deb" [1]
2020-07-03 19:12:28 URL:http://ports.ubuntu.com/ubuntu-ports/pool/main/libi/libidn2/libidn2-0_2.0.4-1.1build2_arm64.deb [45680/45680] -> "/root/Downloads/Ubuntu/arm64//var/cache/apt/archives/partial/libidn2-0_2.0.4-1.1build2_arm64.deb" [1]
2020-07-03 19:12:29 URL:http://ports.ubuntu.com/ubuntu-ports/pool/main/i/iptables/libip4tc0_1.6.1-2ubuntu2_arm64.deb [18324/18324] -> "/root/Downloads/Ubuntu/arm64//var/cache/apt/archives/partial/libip4tc0_1.6.1-2ubuntu2_arm64.deb" [1]
2020-07-03 19:12:30 URL:http://ports.ubuntu.com/ubuntu-ports/pool/main/j/json-c/libjson-c3_0.12.1-1.3_arm64.deb [19428/19428] -> "/root/Downloads/Ubuntu/arm64//var/cache/apt/archives/partial/libjson-c3_0.12.1-1.3_arm64.deb" [1]
2020-07-03 19:12:31 URL:http://ports.ubuntu.com/ubuntu-ports/pool/main/k/kmod/libkmod2_24-1ubuntu3_arm64.deb [32784/32784] -> "/root/Downloads/Ubuntu/arm64//var/cache/apt/archives/partial/libkmod2_24-1ubuntu3_arm64.deb" [1]
2020-07-03 19:12:33 URL:http://ports.ubuntu.com/ubuntu-ports/pool/main/l/lz4/liblz4-1_0.0~r131-2ubuntu3_arm64.deb [47640/47640] -> "/root/Downloads/Ubuntu/arm64//var/cache/apt/archives/partial/liblz4-1_0.0~r131-2ubuntu3_arm64.deb" [1]
2020-07-03 19:12:35 URL:http://ports.ubuntu.com/ubuntu-ports/pool/main/x/xz-utils/liblzma5_5.2.2-1.3_arm64.deb [80894/80894] -> "/root/Downloads/Ubuntu/arm64//var/cache/apt/archives/partial/liblzma5_5.2.2-1.3_arm64.deb" [1]
2020-07-03 19:12:36 URL:http://ports.ubuntu.com/ubuntu-ports/pool/main/u/util-linux/libmount1_2.31.1-0.4ubuntu3_arm64.deb [114872/114872] -> "/root/Downloads/Ubuntu/arm64//var/cache/apt/archives/partial/libmount1_2.31.1-0.4ubuntu3_arm64.deb" [1]
2020-07-03 19:12:38 URL:http://ports.ubuntu.com/ubuntu-ports/pool/main/n/ncurses/libncurses5_6.1-1ubuntu1_arm64.deb [76984/76984] -> "/root/Downloads/Ubuntu/arm64//var/cache/apt/archives/partial/libncurses5_6.1-1ubuntu1_arm64.deb" [1]
2020-07-03 19:12:39 URL:http://ports.ubuntu.com/ubuntu-ports/pool/main/n/ncurses/libncursesw5_6.1-1ubuntu1_arm64.deb [96380/96380] -> "/root/Downloads/Ubuntu/arm64//var/cache/apt/archives/partial/libncursesw5_6.1-1ubuntu1_arm64.deb" [1]
2020-07-03 19:12:41 URL:http://ports.ubuntu.com/ubuntu-ports/pool/main/n/nettle/libnettle6_3.4-1_arm64.deb [113612/113612] -> "/root/Downloads/Ubuntu/arm64//var/cache/apt/archives/partial/libnettle6_3.4-1_arm64.deb" [1]
2020-07-03 19:12:42 URL:http://ports.ubuntu.com/ubuntu-ports/pool/main/s/systemd/libnss-systemd_237-3ubuntu10_arm64.deb [90264/90264] -> "/root/Downloads/Ubuntu/arm64//var/cache/apt/archives/partial/libnss-systemd_237-3ubuntu10_arm64.deb" [1]
2020-07-03 19:12:44 URL:http://ports.ubuntu.com/ubuntu-ports/pool/main/p/p11-kit/libp11-kit0_0.23.9-2_arm64.deb [138176/138176] -> "/root/Downloads/Ubuntu/arm64//var/cache/apt/archives/partial/libp11-kit0_0.23.9-2_arm64.deb" [1]
2020-07-03 19:12:46 URL:http://ports.ubuntu.com/ubuntu-ports/pool/main/p/pam/libpam-modules_1.1.8-3.6ubuntu2_arm64.deb [222656/222656] -> "/root/Downloads/Ubuntu/arm64//var/cache/apt/archives/partial/libpam-modules_1.1.8-3.6ubuntu2_arm64.deb" [1]
2020-07-03 19:12:47 URL:http://ports.ubuntu.com/ubuntu-ports/pool/main/p/pam/libpam-modules-bin_1.1.8-3.6ubuntu2_arm64.deb [32684/32684] -> "/root/Downloads/Ubuntu/arm64//var/cache/apt/archives/partial/libpam-modules-bin_1.1.8-3.6ubuntu2_arm64.deb" [1]
2020-07-03 19:12:48 URL:http://ports.ubuntu.com/ubuntu-ports/pool/main/p/pam/libpam-runtime_1.1.8-3.6ubuntu2_all.deb [37048/37048] -> "/root/Downloads/Ubuntu/arm64//var/cache/apt/archives/partial/libpam-runtime_1.1.8-3.6ubuntu2_all.deb" [1]
2020-07-03 19:12:50 URL:http://ports.ubuntu.com/ubuntu-ports/pool/main/p/pam/libpam0g_1.1.8-3.6ubuntu2_arm64.deb [51004/51004] -> "/root/Downloads/Ubuntu/arm64//var/cache/apt/archives/partial/libpam0g_1.1.8-3.6ubuntu2_arm64.deb" [1]
2020-07-03 19:12:52 URL:http://ports.ubuntu.com/ubuntu-ports/pool/main/p/pcre3/libpcre3_8.39-9_arm64.deb [202496/202496] -> "/root/Downloads/Ubuntu/arm64//var/cache/apt/archives/partial/libpcre3_2%3a8.39-9_arm64.deb" [1]
2020-07-03 19:12:53 URL:http://ports.ubuntu.com/ubuntu-ports/pool/main/p/procps/libprocps6_3.3.12-3ubuntu1_arm64.deb [28172/28172] -> "/root/Downloads/Ubuntu/arm64//var/cache/apt/archives/partial/libprocps6_2%3a3.3.12-3ubuntu1_arm64.deb" [1]
2020-07-03 19:12:54 URL:http://ports.ubuntu.com/ubuntu-ports/pool/main/libp/libpsl/libpsl5_0.19.1-5build1_arm64.deb [40900/40900] -> "/root/Downloads/Ubuntu/arm64//var/cache/apt/archives/partial/libpsl5_0.19.1-5build1_arm64.deb" [1]
2020-07-03 19:12:55 URL:http://ports.ubuntu.com/ubuntu-ports/pool/main/libs/libseccomp/libseccomp2_2.3.1-2.1ubuntu4_arm64.deb [34368/34368] -> "/root/Downloads/Ubuntu/arm64//var/cache/apt/archives/partial/libseccomp2_2.3.1-2.1ubuntu4_arm64.deb" [1]
2020-07-03 19:12:57 URL:http://ports.ubuntu.com/ubuntu-ports/pool/main/libs/libselinux/libselinux1_2.7-2build2_arm64.deb [57276/57276] -> "/root/Downloads/Ubuntu/arm64//var/cache/apt/archives/partial/libselinux1_2.7-2build2_arm64.deb" [1]
2020-07-03 19:12:57 URL:http://ports.ubuntu.com/ubuntu-ports/pool/main/libs/libsemanage/libsemanage-common_2.7-2build2_all.deb [6904/6904] -> "/root/Downloads/Ubuntu/arm64//var/cache/apt/archives/partial/libsemanage-common_2.7-2build2_all.deb" [1]
2020-07-03 19:12:59 URL:http://ports.ubuntu.com/ubuntu-ports/pool/main/libs/libsemanage/libsemanage1_2.7-2build2_arm64.deb [69908/69908] -> "/root/Downloads/Ubuntu/arm64//var/cache/apt/archives/partial/libsemanage1_2.7-2build2_arm64.deb" [1]
2020-07-03 19:13:01 URL:http://ports.ubuntu.com/ubuntu-ports/pool/main/libs/libsepol/libsepol1_2.7-1_arm64.deb [204750/204750] -> "/root/Downloads/Ubuntu/arm64//var/cache/apt/archives/partial/libsepol1_2.7-1_arm64.deb" [1]
2020-07-03 19:13:02 URL:http://ports.ubuntu.com/ubuntu-ports/pool/main/u/util-linux/libsmartcols1_2.31.1-0.4ubuntu3_arm64.deb [70544/70544] -> "/root/Downloads/Ubuntu/arm64//var/cache/apt/archives/partial/libsmartcols1_2.31.1-0.4ubuntu3_arm64.deb" [1]
2020-07-03 19:13:03 URL:http://ports.ubuntu.com/ubuntu-ports/pool/main/e/e2fsprogs/libss2_1.44.1-1_arm64.deb [9968/9968] -> "/root/Downloads/Ubuntu/arm64//var/cache/apt/archives/partial/libss2_1.44.1-1_arm64.deb" [1]
2020-07-03 19:13:08 URL:http://ports.ubuntu.com/ubuntu-ports/pool/main/o/openssl/libssl1.1_1.1.0g-2ubuntu4_arm64.deb [913948/913948] -> "/root/Downloads/Ubuntu/arm64//var/cache/apt/archives/partial/libssl1.1_1.1.0g-2ubuntu4_arm64.deb" [1]
2020-07-03 19:13:11 URL:http://ports.ubuntu.com/ubuntu-ports/pool/main/g/gcc-8/libstdc++6_8-20180414-1ubuntu2_arm64.deb [371904/371904] -> "/root/Downloads/Ubuntu/arm64//var/cache/apt/archives/partial/libstdc++6_8-20180414-1ubuntu2_arm64.deb" [1]
2020-07-03 19:13:13 URL:http://ports.ubuntu.com/ubuntu-ports/pool/main/s/systemd/libsystemd0_237-3ubuntu10_arm64.deb [170164/170164] -> "/root/Downloads/Ubuntu/arm64//var/cache/apt/archives/partial/libsystemd0_237-3ubuntu10_arm64.deb" [1]
2020-07-03 19:13:14 URL:http://ports.ubuntu.com/ubuntu-ports/pool/main/libt/libtasn1-6/libtasn1-6_4.13-2_arm64.deb [32116/32116] -> "/root/Downloads/Ubuntu/arm64//var/cache/apt/archives/partial/libtasn1-6_4.13-2_arm64.deb" [1]
2020-07-03 19:13:15 URL:http://ports.ubuntu.com/ubuntu-ports/pool/main/n/ncurses/libtinfo5_6.1-1ubuntu1_arm64.deb [71396/71396] -> "/root/Downloads/Ubuntu/arm64//var/cache/apt/archives/partial/libtinfo5_6.1-1ubuntu1_arm64.deb" [1]
2020-07-03 19:13:17 URL:http://ports.ubuntu.com/ubuntu-ports/pool/main/s/systemd/libudev1_237-3ubuntu10_arm64.deb [44760/44760] -> "/root/Downloads/Ubuntu/arm64//var/cache/apt/archives/partial/libudev1_237-3ubuntu10_arm64.deb" [1]
2020-07-03 19:13:20 URL:http://ports.ubuntu.com/ubuntu-ports/pool/main/libu/libunistring/libunistring2_0.9.9-0ubuntu1_arm64.deb [357272/357272] -> "/root/Downloads/Ubuntu/arm64//var/cache/apt/archives/partial/libunistring2_0.9.9-0ubuntu1_arm64.deb" [1]
2020-07-03 19:13:21 URL:http://ports.ubuntu.com/ubuntu-ports/pool/main/u/util-linux/libuuid1_2.31.1-0.4ubuntu3_arm64.deb [18364/18364] -> "/root/Downloads/Ubuntu/arm64//var/cache/apt/archives/partial/libuuid1_2.31.1-0.4ubuntu3_arm64.deb" [1]
2020-07-03 19:13:23 URL:http://ports.ubuntu.com/ubuntu-ports/pool/main/libz/libzstd/libzstd1_1.3.3+dfsg-2ubuntu1_arm64.deb [161252/161252] -> "/root/Downloads/Ubuntu/arm64//var/cache/apt/archives/partial/libzstd1_1.3.3+dfsg-2ubuntu1_arm64.deb" [1]
2020-07-03 19:13:25 URL:http://ports.ubuntu.com/ubuntu-ports/pool/main/s/shadow/login_4.5-1ubuntu1_arm64.deb [300712/300712] -> "/root/Downloads/Ubuntu/arm64//var/cache/apt/archives/partial/login_1%3a4.5-1ubuntu1_arm64.deb" [1]
2020-07-03 19:13:26 URL:http://ports.ubuntu.com/ubuntu-ports/pool/main/l/lsb/lsb-base_9.20170808ubuntu1_all.deb [12460/12460] -> "/root/Downloads/Ubuntu/arm64//var/cache/apt/archives/partial/lsb-base_9.20170808ubuntu1_all.deb" [1]
2020-07-03 19:13:28 URL:http://ports.ubuntu.com/ubuntu-ports/pool/main/m/mawk/mawk_1.3.3-17ubuntu3_arm64.deb [73208/73208] -> "/root/Downloads/Ubuntu/arm64//var/cache/apt/archives/partial/mawk_1.3.3-17ubuntu3_arm64.deb" [1]
2020-07-03 19:13:29 URL:http://ports.ubuntu.com/ubuntu-ports/pool/main/u/util-linux/mount_2.31.1-0.4ubuntu3_arm64.deb [97784/97784] -> "/root/Downloads/Ubuntu/arm64//var/cache/apt/archives/partial/mount_2.31.1-0.4ubuntu3_arm64.deb" [1]
2020-07-03 19:13:31 URL:http://ports.ubuntu.com/ubuntu-ports/pool/main/n/ncurses/ncurses-base_6.1-1ubuntu1_all.deb [17348/17348] -> "/root/Downloads/Ubuntu/arm64//var/cache/apt/archives/partial/ncurses-base_6.1-1ubuntu1_all.deb" [1]
2020-07-03 19:13:32 URL:http://ports.ubuntu.com/ubuntu-ports/pool/main/n/ncurses/ncurses-bin_6.1-1ubuntu1_arm64.deb [154176/154176] -> "/root/Downloads/Ubuntu/arm64//var/cache/apt/archives/partial/ncurses-bin_6.1-1ubuntu1_arm64.deb" [1]
2020-07-03 19:13:36 URL:http://ports.ubuntu.com/ubuntu-ports/pool/main/o/openssl/openssl_1.1.0g-2ubuntu4_arm64.deb [504752/504752] -> "/root/Downloads/Ubuntu/arm64//var/cache/apt/archives/partial/openssl_1.1.0g-2ubuntu4_arm64.deb" [1]
2020-07-03 19:13:41 URL:http://ports.ubuntu.com/ubuntu-ports/pool/main/s/shadow/passwd_4.5-1ubuntu1_arm64.deb [761240/761240] -> "/root/Downloads/Ubuntu/arm64//var/cache/apt/archives/partial/passwd_1%3a4.5-1ubuntu1_arm64.deb" [1]
2020-07-03 19:13:46 URL:http://ports.ubuntu.com/ubuntu-ports/pool/main/p/perl/perl-base_5.26.1-6_arm64.deb [1235596/1235596] -> "/root/Downloads/Ubuntu/arm64//var/cache/apt/archives/partial/perl-base_5.26.1-6_arm64.deb" [1]
2020-07-03 19:13:49 URL:http://ports.ubuntu.com/ubuntu-ports/pool/main/p/procps/procps_3.3.12-3ubuntu1_arm64.deb [206936/206936] -> "/root/Downloads/Ubuntu/arm64//var/cache/apt/archives/partial/procps_2%3a3.3.12-3ubuntu1_arm64.deb" [1]
2020-07-03 19:13:51 URL:http://ports.ubuntu.com/ubuntu-ports/pool/main/s/sed/sed_4.4-2_arm64.deb [174780/174780] -> "/root/Downloads/Ubuntu/arm64//var/cache/apt/archives/partial/sed_4.4-2_arm64.deb" [1]
2020-07-03 19:13:52 URL:http://ports.ubuntu.com/ubuntu-ports/pool/main/s/sensible-utils/sensible-utils_0.0.12_all.deb [14796/14796] -> "/root/Downloads/Ubuntu/arm64//var/cache/apt/archives/partial/sensible-utils_0.0.12_all.deb" [1]
2020-07-03 19:14:00 URL:http://ports.ubuntu.com/ubuntu-ports/pool/main/s/systemd/systemd_237-3ubuntu10_arm64.deb [2544764/2544764] -> "/root/Downloads/Ubuntu/arm64//var/cache/apt/archives/partial/systemd_237-3ubuntu10_arm64.deb" [1]
2020-07-03 19:14:01 URL:http://ports.ubuntu.com/ubuntu-ports/pool/main/s/systemd/systemd-sysv_237-3ubuntu10_arm64.deb [11212/11212] -> "/root/Downloads/Ubuntu/arm64//var/cache/apt/archives/partial/systemd-sysv_237-3ubuntu10_arm64.deb" [1]
2020-07-03 19:14:02 URL:http://ports.ubuntu.com/ubuntu-ports/pool/main/s/sysvinit/sysvinit-utils_2.88dsf-59.10ubuntu1_arm64.deb [17712/17712] -> "/root/Downloads/Ubuntu/arm64//var/cache/apt/archives/partial/sysvinit-utils_2.88dsf-59.10ubuntu1_arm64.deb" [1]
2020-07-03 19:14:04 URL:http://ports.ubuntu.com/ubuntu-ports/pool/main/t/tar/tar_1.29b-2_arm64.deb [203100/203100] -> "/root/Downloads/Ubuntu/arm64//var/cache/apt/archives/partial/tar_1.29b-2_arm64.deb" [1]
2020-07-03 19:14:05 URL:http://ports.ubuntu.com/ubuntu-ports/pool/main/u/ubuntu-keyring/ubuntu-keyring_2018.02.28_all.deb [20696/20696] -> "/root/Downloads/Ubuntu/arm64//var/cache/apt/archives/partial/ubuntu-keyring_2018.02.28_all.deb" [1]
2020-07-03 19:14:08 URL:http://ports.ubuntu.com/ubuntu-ports/pool/main/u/util-linux/util-linux_2.31.1-0.4ubuntu3_arm64.deb [818188/818188] -> "/root/Downloads/Ubuntu/arm64//var/cache/apt/archives/partial/util-linux_2.31.1-0.4ubuntu3_arm64.deb" [1]
2020-07-03 19:14:10 URL:http://ports.ubuntu.com/ubuntu-ports/pool/main/w/wget/wget_1.19.4-1ubuntu2_arm64.deb [288204/288204] -> "/root/Downloads/Ubuntu/arm64//var/cache/apt/archives/partial/wget_1.19.4-1ubuntu2_arm64.deb" [1]
2020-07-03 19:14:11 URL:http://ports.ubuntu.com/ubuntu-ports/pool/main/z/zlib/zlib1g_1.2.11.dfsg-0ubuntu2_arm64.deb [51860/51860] -> "/root/Downloads/Ubuntu/arm64//var/cache/apt/archives/partial/zlib1g_1%3a1.2.11.dfsg-0ubuntu2_arm64.deb" [1]
dpkg: warning: parsing file '/var/lib/dpkg/status' near line 5 package 'dpkg':
 missing description
dpkg: warning: parsing file '/var/lib/dpkg/status' near line 5 package 'dpkg':
 missing architecture
Selecting previously unselected package base-passwd.
(Reading database ... 0 files and directories currently installed.)
Preparing to unpack .../base-passwd_3.5.44_arm64.deb ...
Unpacking base-passwd (3.5.44) ...
dpkg: base-passwd: dependency problems, but configuring anyway as you requested:
 base-passwd depends on libc6 (>= 2.17); however:
  Package libc6 is not installed.
 base-passwd depends on libdebconfclient0 (>= 0.145); however:
  Package libdebconfclient0 is not installed.

Setting up base-passwd (3.5.44) ...
dpkg: warning: parsing file '/var/lib/dpkg/status' near line 24 package 'dpkg':
 missing description
dpkg: warning: parsing file '/var/lib/dpkg/status' near line 24 package 'dpkg':
 missing architecture
Selecting previously unselected package base-files.
dpkg: regarding .../base-files_10.1ubuntu2_arm64.deb containing base-files, pre-dependency problem:
 base-files pre-depends on awk
  awk is not installed.

dpkg: warning: ignoring pre-dependency problem!
(Reading database ... 41 files and directories currently installed.)
Preparing to unpack .../base-files_10.1ubuntu2_arm64.deb ...
Unpacking base-files (10.1ubuntu2) ...
dpkg: base-files: dependency problems, but configuring anyway as you requested:
 base-files depends on awk; however:
  Package awk is not installed.

Setting up base-files (10.1ubuntu2) ...
dpkg: warning: parsing file '/var/lib/dpkg/status' near line 58 package 'dpkg':
 missing description
dpkg: warning: parsing file '/var/lib/dpkg/status' near line 58 package 'dpkg':
 missing architecture
dpkg: regarding .../dpkg_1.19.0.5ubuntu2_arm64.deb containing dpkg, pre-dependency problem:
 dpkg pre-depends on libbz2-1.0
  libbz2-1.0 is not installed.

dpkg: warning: ignoring pre-dependency problem!
dpkg: regarding .../dpkg_1.19.0.5ubuntu2_arm64.deb containing dpkg, pre-dependency problem:
 dpkg pre-depends on libc6 (>= 2.17)
  libc6 is not installed.

dpkg: warning: ignoring pre-dependency problem!
dpkg: regarding .../dpkg_1.19.0.5ubuntu2_arm64.deb containing dpkg, pre-dependency problem:
 dpkg pre-depends on liblzma5 (>= 5.2.2)
  liblzma5 is not installed.

dpkg: warning: ignoring pre-dependency problem!
dpkg: regarding .../dpkg_1.19.0.5ubuntu2_arm64.deb containing dpkg, pre-dependency problem:
 dpkg pre-depends on libselinux1 (>= 2.3)
  libselinux1 is not installed.

dpkg: warning: ignoring pre-dependency problem!
dpkg: regarding .../dpkg_1.19.0.5ubuntu2_arm64.deb containing dpkg, pre-dependency problem:
 dpkg pre-depends on libzstd1 (>= 1.3.2)
  libzstd1 is not installed.

dpkg: warning: ignoring pre-dependency problem!
dpkg: regarding .../dpkg_1.19.0.5ubuntu2_arm64.deb containing dpkg, pre-dependency problem:
 dpkg pre-depends on zlib1g (>= 1:1.1.4)
  zlib1g is not installed.

dpkg: warning: ignoring pre-dependency problem!
(Reading database ... 132 files and directories currently installed.)
Preparing to unpack .../dpkg_1.19.0.5ubuntu2_arm64.deb ...
Unpacking dpkg (1.19.0.5ubuntu2) over (1.19.0.5ubuntu2) ...
dpkg: dpkg: dependency problems, but configuring anyway as you requested:
 dpkg depends on libbz2-1.0; however:
  Package libbz2-1.0 is not installed.
 dpkg depends on libc6 (>= 2.17); however:
  Package libc6 is not installed.
 dpkg depends on liblzma5 (>= 5.2.2); however:
  Package liblzma5 is not installed.
 dpkg depends on libselinux1 (>= 2.3); however:
  Package libselinux1 is not installed.
 dpkg depends on libzstd1 (>= 1.3.2); however:
  Package libzstd1 is not installed.
 dpkg depends on zlib1g (>= 1:1.1.4); however:
  Package zlib1g is not installed.
 dpkg depends on tar (>= 1.28-1); however:
  Package tar is not installed.

Setting up dpkg (1.19.0.5ubuntu2) ...
Selecting previously unselected package libc6:arm64.
(Reading database ... 380 files and directories currently installed.)
Preparing to unpack .../libc6_2.27-3ubuntu1_arm64.deb ...
Unpacking libc6:arm64 (2.27-3ubuntu1) ...
dpkg: libc6:arm64: dependency problems, but configuring anyway as you requested:
 libc6:arm64 depends on libgcc1; however:
  Package libgcc1 is not installed.

Setting up libc6:arm64 (2.27-3ubuntu1) ...
Selecting previously unselected package perl-base.
(Reading database ... 694 files and directories currently installed.)
Preparing to unpack .../perl-base_5.26.1-6_arm64.deb ...
Unpacking perl-base (5.26.1-6) ...
Setting up perl-base (5.26.1-6) ...
Selecting previously unselected package mawk.
(Reading database ... 1341 files and directories currently installed.)
Preparing to unpack .../mawk_1.3.3-17ubuntu3_arm64.deb ...
Unpacking mawk (1.3.3-17ubuntu3) ...
Setting up mawk (1.3.3-17ubuntu3) ...
(Reading database ... 1359 files and directories currently installed.)
Preparing to unpack .../base-files_10.1ubuntu2_arm64.deb ...
Unpacking base-files (10.1ubuntu2) over (10.1ubuntu2) ...
Preparing to unpack .../base-passwd_3.5.44_arm64.deb ...
Unpacking base-passwd (3.5.44) over (3.5.44) ...
Selecting previously unselected package bash.
dpkg: regarding .../bash_4.4.18-2ubuntu1_arm64.deb containing bash, pre-dependency problem:
 bash pre-depends on libtinfo5 (>= 6)
  libtinfo5 is not installed.

dpkg: warning: ignoring pre-dependency problem!
Preparing to unpack .../bash_4.4.18-2ubuntu1_arm64.deb ...
Unpacking bash (4.4.18-2ubuntu1) ...
Selecting previously unselected package bsdutils.
dpkg: regarding .../bsdutils_1%3a2.31.1-0.4ubuntu3_arm64.deb containing bsdutils, pre-dependency problem:
 bsdutils pre-depends on libsystemd0
  libsystemd0 is not installed.

dpkg: warning: ignoring pre-dependency problem!
Preparing to unpack .../bsdutils_1%3a2.31.1-0.4ubuntu3_arm64.deb ...
Unpacking bsdutils (1:2.31.1-0.4ubuntu3) ...
Selecting previously unselected package coreutils.
dpkg: regarding .../coreutils_8.28-1ubuntu1_arm64.deb containing coreutils, pre-dependency problem:
 coreutils pre-depends on libacl1 (>= 2.2.51-8)
  libacl1 is not installed.

dpkg: warning: ignoring pre-dependency problem!
dpkg: regarding .../coreutils_8.28-1ubuntu1_arm64.deb containing coreutils, pre-dependency problem:
 coreutils pre-depends on libattr1 (>= 1:2.4.46-8)
  libattr1 is not installed.

dpkg: warning: ignoring pre-dependency problem!
dpkg: regarding .../coreutils_8.28-1ubuntu1_arm64.deb containing coreutils, pre-dependency problem:
 coreutils pre-depends on libselinux1 (>= 2.1.13)
  libselinux1 is not installed.

dpkg: warning: ignoring pre-dependency problem!
Preparing to unpack .../coreutils_8.28-1ubuntu1_arm64.deb ...
Unpacking coreutils (8.28-1ubuntu1) ...
Selecting previously unselected package dash.
Preparing to unpack .../dash_0.5.8-2.10_arm64.deb ...
No diversion 'diversion of /bin/sh by dash', none removed.
Adding 'diversion of /bin/sh to /bin/sh.distrib by bash'
No diversion 'diversion of /usr/share/man/man1/sh.1.gz by dash', none removed.
Adding 'diversion of /usr/share/man/man1/sh.1.gz to /usr/share/man/man1/sh.distrib.1.gz by bash'
Unpacking dash (0.5.8-2.10) ...
Selecting previously unselected package debconf.
Preparing to unpack .../debconf_1.5.66_all.deb ...
Unpacking debconf (1.5.66) ...
Selecting previously unselected package debianutils.
Preparing to unpack .../debianutils_4.8.4_arm64.deb ...
Unpacking debianutils (4.8.4) ...
Selecting previously unselected package diffutils.
Preparing to unpack .../diffutils_1%3a3.6-1_arm64.deb ...
Unpacking diffutils (1:3.6-1) ...
dpkg: regarding .../dpkg_1.19.0.5ubuntu2_arm64.deb containing dpkg, pre-dependency problem:
 dpkg pre-depends on libbz2-1.0
  libbz2-1.0 is not installed.

dpkg: warning: ignoring pre-dependency problem!
dpkg: regarding .../dpkg_1.19.0.5ubuntu2_arm64.deb containing dpkg, pre-dependency problem:
 dpkg pre-depends on liblzma5 (>= 5.2.2)
  liblzma5 is not installed.

dpkg: warning: ignoring pre-dependency problem!
dpkg: regarding .../dpkg_1.19.0.5ubuntu2_arm64.deb containing dpkg, pre-dependency problem:
 dpkg pre-depends on libselinux1 (>= 2.3)
  libselinux1 is not installed.

dpkg: warning: ignoring pre-dependency problem!
dpkg: regarding .../dpkg_1.19.0.5ubuntu2_arm64.deb containing dpkg, pre-dependency problem:
 dpkg pre-depends on libzstd1 (>= 1.3.2)
  libzstd1 is not installed.

dpkg: warning: ignoring pre-dependency problem!
dpkg: regarding .../dpkg_1.19.0.5ubuntu2_arm64.deb containing dpkg, pre-dependency problem:
 dpkg pre-depends on zlib1g (>= 1:1.1.4)
  zlib1g is not installed.

dpkg: warning: ignoring pre-dependency problem!
Preparing to unpack .../dpkg_1.19.0.5ubuntu2_arm64.deb ...
Unpacking dpkg (1.19.0.5ubuntu2) over (1.19.0.5ubuntu2) ...
Selecting previously unselected package e2fsprogs.
dpkg: regarding .../e2fsprogs_1.44.1-1_arm64.deb containing e2fsprogs, pre-dependency problem:
 e2fsprogs pre-depends on libblkid1 (>= 2.17.2)
  libblkid1 is not installed.

dpkg: warning: ignoring pre-dependency problem!
dpkg: regarding .../e2fsprogs_1.44.1-1_arm64.deb containing e2fsprogs, pre-dependency problem:
 e2fsprogs pre-depends on libcom-err2 (>= 1.42~WIP-2011-10-05-1)
  libcom-err2 is not installed.

dpkg: warning: ignoring pre-dependency problem!
dpkg: regarding .../e2fsprogs_1.44.1-1_arm64.deb containing e2fsprogs, pre-dependency problem:
 e2fsprogs pre-depends on libext2fs2 (= 1.44.1-1)
  libext2fs2 is not installed.

dpkg: warning: ignoring pre-dependency problem!
dpkg: regarding .../e2fsprogs_1.44.1-1_arm64.deb containing e2fsprogs, pre-dependency problem:
 e2fsprogs pre-depends on libss2 (>= 1.34-1)
  libss2 is not installed.

dpkg: warning: ignoring pre-dependency problem!
dpkg: regarding .../e2fsprogs_1.44.1-1_arm64.deb containing e2fsprogs, pre-dependency problem:
 e2fsprogs pre-depends on libuuid1 (>= 2.16)
  libuuid1 is not installed.

dpkg: warning: ignoring pre-dependency problem!
Preparing to unpack .../e2fsprogs_1.44.1-1_arm64.deb ...
Unpacking e2fsprogs (1.44.1-1) ...
Selecting previously unselected package fdisk.
Preparing to unpack .../fdisk_2.31.1-0.4ubuntu3_arm64.deb ...
Unpacking fdisk (2.31.1-0.4ubuntu3) ...
Selecting previously unselected package findutils.
dpkg: regarding .../findutils_4.6.0+git+20170828-2_arm64.deb containing findutils, pre-dependency problem:
 findutils pre-depends on libselinux1 (>= 1.32)
  libselinux1 is not installed.

dpkg: warning: ignoring pre-dependency problem!
Preparing to unpack .../findutils_4.6.0+git+20170828-2_arm64.deb ...
Unpacking findutils (4.6.0+git+20170828-2) ...
Selecting previously unselected package gcc-8-base:arm64.
Preparing to unpack .../gcc-8-base_8-20180414-1ubuntu2_arm64.deb ...
Unpacking gcc-8-base:arm64 (8-20180414-1ubuntu2) ...
Selecting previously unselected package grep.
dpkg: regarding .../archives/grep_3.1-2_arm64.deb containing grep, pre-dependency problem:
 grep pre-depends on libpcre3
  libpcre3 is not installed.

dpkg: warning: ignoring pre-dependency problem!
Preparing to unpack .../archives/grep_3.1-2_arm64.deb ...
Unpacking grep (3.1-2) ...
Selecting previously unselected package gzip.
Preparing to unpack .../gzip_1.6-5ubuntu1_arm64.deb ...
Unpacking gzip (1.6-5ubuntu1) ...
Selecting previously unselected package hostname.
Preparing to unpack .../hostname_3.20_arm64.deb ...
Unpacking hostname (3.20) ...
Selecting previously unselected package init-system-helpers.
Preparing to unpack .../init-system-helpers_1.51_all.deb ...
Unpacking init-system-helpers (1.51) ...
Selecting previously unselected package libacl1:arm64.
Preparing to unpack .../libacl1_2.2.52-3build1_arm64.deb ...
Unpacking libacl1:arm64 (2.2.52-3build1) ...
Selecting previously unselected package libattr1:arm64.
Preparing to unpack .../libattr1_1%3a2.4.47-2build1_arm64.deb ...
Unpacking libattr1:arm64 (1:2.4.47-2build1) ...
Selecting previously unselected package libaudit-common.
Preparing to unpack .../libaudit-common_1%3a2.8.2-1ubuntu1_all.deb ...
Unpacking libaudit-common (1:2.8.2-1ubuntu1) ...
Selecting previously unselected package libaudit1:arm64.
Preparing to unpack .../libaudit1_1%3a2.8.2-1ubuntu1_arm64.deb ...
Unpacking libaudit1:arm64 (1:2.8.2-1ubuntu1) ...
Selecting previously unselected package libblkid1:arm64.
Preparing to unpack .../libblkid1_2.31.1-0.4ubuntu3_arm64.deb ...
Unpacking libblkid1:arm64 (2.31.1-0.4ubuntu3) ...
Selecting previously unselected package libbz2-1.0:arm64.
Preparing to unpack .../libbz2-1.0_1.0.6-8.1_arm64.deb ...
Unpacking libbz2-1.0:arm64 (1.0.6-8.1) ...
Selecting previously unselected package libc-bin.
Preparing to unpack .../libc-bin_2.27-3ubuntu1_arm64.deb ...
Unpacking libc-bin (2.27-3ubuntu1) ...
Preparing to unpack .../libc6_2.27-3ubuntu1_arm64.deb ...
Unpacking libc6:arm64 (2.27-3ubuntu1) over (2.27-3ubuntu1) ...
Selecting previously unselected package libcap-ng0:arm64.
Preparing to unpack .../libcap-ng0_0.7.7-3.1_arm64.deb ...
Unpacking libcap-ng0:arm64 (0.7.7-3.1) ...
Selecting previously unselected package libcom-err2:arm64.
Preparing to unpack .../libcom-err2_1.44.1-1_arm64.deb ...
Unpacking libcom-err2:arm64 (1.44.1-1) ...
Selecting previously unselected package libdb5.3:arm64.
Preparing to unpack .../libdb5.3_5.3.28-13.1ubuntu1_arm64.deb ...
Unpacking libdb5.3:arm64 (5.3.28-13.1ubuntu1) ...
Selecting previously unselected package libdebconfclient0:arm64.
Preparing to unpack .../libdebconfclient0_0.213ubuntu1_arm64.deb ...
Unpacking libdebconfclient0:arm64 (0.213ubuntu1) ...
Selecting previously unselected package libext2fs2:arm64.
Preparing to unpack .../libext2fs2_1.44.1-1_arm64.deb ...
Unpacking libext2fs2:arm64 (1.44.1-1) ...
Selecting previously unselected package libfdisk1:arm64.
Preparing to unpack .../libfdisk1_2.31.1-0.4ubuntu3_arm64.deb ...
Unpacking libfdisk1:arm64 (2.31.1-0.4ubuntu3) ...
Selecting previously unselected package libgcc1:arm64.
Preparing to unpack .../libgcc1_1%3a8-20180414-1ubuntu2_arm64.deb ...
Unpacking libgcc1:arm64 (1:8-20180414-1ubuntu2) ...
Selecting previously unselected package libgcrypt20:arm64.
Preparing to unpack .../libgcrypt20_1.8.1-4ubuntu1_arm64.deb ...
Unpacking libgcrypt20:arm64 (1.8.1-4ubuntu1) ...
Selecting previously unselected package libgpg-error0:arm64.
Preparing to unpack .../libgpg-error0_1.27-6_arm64.deb ...
Unpacking libgpg-error0:arm64 (1.27-6) ...
Selecting previously unselected package liblz4-1:arm64.
Preparing to unpack .../liblz4-1_0.0~r131-2ubuntu3_arm64.deb ...
Unpacking liblz4-1:arm64 (0.0~r131-2ubuntu3) ...
Selecting previously unselected package liblzma5:arm64.
Preparing to unpack .../liblzma5_5.2.2-1.3_arm64.deb ...
Unpacking liblzma5:arm64 (5.2.2-1.3) ...
Selecting previously unselected package libmount1:arm64.
Preparing to unpack .../libmount1_2.31.1-0.4ubuntu3_arm64.deb ...
Unpacking libmount1:arm64 (2.31.1-0.4ubuntu3) ...
Selecting previously unselected package libncurses5:arm64.
Preparing to unpack .../libncurses5_6.1-1ubuntu1_arm64.deb ...
Unpacking libncurses5:arm64 (6.1-1ubuntu1) ...
Selecting previously unselected package libncursesw5:arm64.
Preparing to unpack .../libncursesw5_6.1-1ubuntu1_arm64.deb ...
Unpacking libncursesw5:arm64 (6.1-1ubuntu1) ...
Selecting previously unselected package libpam-modules:arm64.
dpkg: regarding .../libpam-modules_1.1.8-3.6ubuntu2_arm64.deb containing libpam-modules:arm64, pre-dependency problem:
 libpam-modules pre-depends on libaudit1 (>= 1:2.2.1)
  libaudit1:arm64 is unpacked, but has never been configured.

dpkg: warning: ignoring pre-dependency problem!
dpkg: regarding .../libpam-modules_1.1.8-3.6ubuntu2_arm64.deb containing libpam-modules:arm64, pre-dependency problem:
 libpam-modules pre-depends on libdb5.3
  libdb5.3:arm64 is unpacked, but has never been configured.

dpkg: warning: ignoring pre-dependency problem!
dpkg: regarding .../libpam-modules_1.1.8-3.6ubuntu2_arm64.deb containing libpam-modules:arm64, pre-dependency problem:
 libpam-modules pre-depends on libpam0g (>= 1.1.3-2)
  libpam0g is not installed.

dpkg: warning: ignoring pre-dependency problem!
dpkg: regarding .../libpam-modules_1.1.8-3.6ubuntu2_arm64.deb containing libpam-modules:arm64, pre-dependency problem:
 libpam-modules pre-depends on libselinux1 (>= 2.1.9)
  libselinux1 is not installed.

dpkg: warning: ignoring pre-dependency problem!
dpkg: regarding .../libpam-modules_1.1.8-3.6ubuntu2_arm64.deb containing libpam-modules:arm64, pre-dependency problem:
 libpam-modules pre-depends on debconf (>= 0.5) | debconf-2.0
  debconf is unpacked, but has never been configured.
  debconf provides debconf-2.0 but is unpacked but not configured.

dpkg: warning: ignoring pre-dependency problem!
dpkg: regarding .../libpam-modules_1.1.8-3.6ubuntu2_arm64.deb containing libpam-modules:arm64, pre-dependency problem:
 libpam-modules pre-depends on libpam-modules-bin (= 1.1.8-3.6ubuntu2)
  libpam-modules-bin is not installed.

dpkg: warning: ignoring pre-dependency problem!
Preparing to unpack .../libpam-modules_1.1.8-3.6ubuntu2_arm64.deb ...
Unpacking libpam-modules:arm64 (1.1.8-3.6ubuntu2) ...
Selecting previously unselected package libpam-modules-bin.
Preparing to unpack .../libpam-modules-bin_1.1.8-3.6ubuntu2_arm64.deb ...
Unpacking libpam-modules-bin (1.1.8-3.6ubuntu2) ...
Selecting previously unselected package libpam-runtime.
Preparing to unpack .../libpam-runtime_1.1.8-3.6ubuntu2_all.deb ...
Unpacking libpam-runtime (1.1.8-3.6ubuntu2) ...
Selecting previously unselected package libpam0g:arm64.
Preparing to unpack .../libpam0g_1.1.8-3.6ubuntu2_arm64.deb ...
Unpacking libpam0g:arm64 (1.1.8-3.6ubuntu2) ...
Selecting previously unselected package libpcre3:arm64.
Preparing to unpack .../libpcre3_2%3a8.39-9_arm64.deb ...
Unpacking libpcre3:arm64 (2:8.39-9) ...
Selecting previously unselected package libprocps6:arm64.
Preparing to unpack .../libprocps6_2%3a3.3.12-3ubuntu1_arm64.deb ...
Unpacking libprocps6:arm64 (2:3.3.12-3ubuntu1) ...
Selecting previously unselected package libselinux1:arm64.
Preparing to unpack .../libselinux1_2.7-2build2_arm64.deb ...
Unpacking libselinux1:arm64 (2.7-2build2) ...
Selecting previously unselected package libsemanage-common.
Preparing to unpack .../libsemanage-common_2.7-2build2_all.deb ...
Unpacking libsemanage-common (2.7-2build2) ...
Selecting previously unselected package libsemanage1:arm64.
Preparing to unpack .../libsemanage1_2.7-2build2_arm64.deb ...
Unpacking libsemanage1:arm64 (2.7-2build2) ...
Selecting previously unselected package libsepol1:arm64.
Preparing to unpack .../libsepol1_2.7-1_arm64.deb ...
Unpacking libsepol1:arm64 (2.7-1) ...
Selecting previously unselected package libsmartcols1:arm64.
Preparing to unpack .../libsmartcols1_2.31.1-0.4ubuntu3_arm64.deb ...
Unpacking libsmartcols1:arm64 (2.31.1-0.4ubuntu3) ...
Selecting previously unselected package libss2:arm64.
Preparing to unpack .../libss2_1.44.1-1_arm64.deb ...
Unpacking libss2:arm64 (1.44.1-1) ...
Selecting previously unselected package libsystemd0:arm64.
dpkg: regarding .../libsystemd0_237-3ubuntu10_arm64.deb containing libsystemd0:arm64, pre-dependency problem:
 libsystemd0 pre-depends on libgcrypt20 (>= 1.8.0)
  libgcrypt20:arm64 is unpacked, but has never been configured.

dpkg: warning: ignoring pre-dependency problem!
dpkg: regarding .../libsystemd0_237-3ubuntu10_arm64.deb containing libsystemd0:arm64, pre-dependency problem:
 libsystemd0 pre-depends on liblz4-1 (>= 0.0~r113)
  liblz4-1:arm64 is unpacked, but has never been configured.

dpkg: warning: ignoring pre-dependency problem!
dpkg: regarding .../libsystemd0_237-3ubuntu10_arm64.deb containing libsystemd0:arm64, pre-dependency problem:
 libsystemd0 pre-depends on liblzma5 (>= 5.1.1alpha+20120614)
  liblzma5:arm64 is unpacked, but has never been configured.

dpkg: warning: ignoring pre-dependency problem!
Preparing to unpack .../libsystemd0_237-3ubuntu10_arm64.deb ...
Unpacking libsystemd0:arm64 (237-3ubuntu10) ...
Selecting previously unselected package libtinfo5:arm64.
Preparing to unpack .../libtinfo5_6.1-1ubuntu1_arm64.deb ...
Unpacking libtinfo5:arm64 (6.1-1ubuntu1) ...
Selecting previously unselected package libudev1:arm64.
Preparing to unpack .../libudev1_237-3ubuntu10_arm64.deb ...
Unpacking libudev1:arm64 (237-3ubuntu10) ...
Selecting previously unselected package libuuid1:arm64.
Preparing to unpack .../libuuid1_2.31.1-0.4ubuntu3_arm64.deb ...
Unpacking libuuid1:arm64 (2.31.1-0.4ubuntu3) ...
Selecting previously unselected package libzstd1:arm64.
Preparing to unpack .../libzstd1_1.3.3+dfsg-2ubuntu1_arm64.deb ...
Unpacking libzstd1:arm64 (1.3.3+dfsg-2ubuntu1) ...
Selecting previously unselected package login.
dpkg: regarding .../login_1%3a4.5-1ubuntu1_arm64.deb containing login, pre-dependency problem:
 login pre-depends on libaudit1 (>= 1:2.2.1)
  libaudit1:arm64 is unpacked, but has never been configured.

dpkg: warning: ignoring pre-dependency problem!
dpkg: regarding .../login_1%3a4.5-1ubuntu1_arm64.deb containing login, pre-dependency problem:
 login pre-depends on libpam0g (>= 0.99.7.1)
  libpam0g:arm64 is unpacked, but has never been configured.

dpkg: warning: ignoring pre-dependency problem!
dpkg: regarding .../login_1%3a4.5-1ubuntu1_arm64.deb containing login, pre-dependency problem:
 login pre-depends on libpam-runtime
  libpam-runtime is unpacked, but has never been configured.

dpkg: warning: ignoring pre-dependency problem!
dpkg: regarding .../login_1%3a4.5-1ubuntu1_arm64.deb containing login, pre-dependency problem:
 login pre-depends on libpam-modules (>= 1.1.8-1)
  libpam-modules:arm64 is unpacked, but has never been configured.

dpkg: warning: ignoring pre-dependency problem!
Preparing to unpack .../login_1%3a4.5-1ubuntu1_arm64.deb ...
Unpacking login (1:4.5-1ubuntu1) ...
Selecting previously unselected package lsb-base.
Preparing to unpack .../lsb-base_9.20170808ubuntu1_all.deb ...
Unpacking lsb-base (9.20170808ubuntu1) ...
Preparing to unpack .../mawk_1.3.3-17ubuntu3_arm64.deb ...
Unpacking mawk (1.3.3-17ubuntu3) over (1.3.3-17ubuntu3) ...
Selecting previously unselected package mount.
dpkg: regarding .../mount_2.31.1-0.4ubuntu3_arm64.deb containing mount, pre-dependency problem:
 mount pre-depends on libblkid1 (>= 2.17.2)
  libblkid1:arm64 is unpacked, but has never been configured.

dpkg: warning: ignoring pre-dependency problem!
dpkg: regarding .../mount_2.31.1-0.4ubuntu3_arm64.deb containing mount, pre-dependency problem:
 mount pre-depends on libmount1 (>= 2.30.2)
  libmount1:arm64 is unpacked, but has never been configured.

dpkg: warning: ignoring pre-dependency problem!
dpkg: regarding .../mount_2.31.1-0.4ubuntu3_arm64.deb containing mount, pre-dependency problem:
 mount pre-depends on libsmartcols1 (>= 2.27~rc1)
  libsmartcols1:arm64 is unpacked, but has never been configured.

dpkg: warning: ignoring pre-dependency problem!
Preparing to unpack .../mount_2.31.1-0.4ubuntu3_arm64.deb ...
Unpacking mount (2.31.1-0.4ubuntu3) ...
Selecting previously unselected package ncurses-base.
Preparing to unpack .../ncurses-base_6.1-1ubuntu1_all.deb ...
Unpacking ncurses-base (6.1-1ubuntu1) ...
Selecting previously unselected package ncurses-bin.
dpkg: regarding .../ncurses-bin_6.1-1ubuntu1_arm64.deb containing ncurses-bin, pre-dependency problem:
 ncurses-bin pre-depends on libtinfo5 (>= 6.1)
  libtinfo5:arm64 is unpacked, but has never been configured.

dpkg: warning: ignoring pre-dependency problem!
Preparing to unpack .../ncurses-bin_6.1-1ubuntu1_arm64.deb ...
Unpacking ncurses-bin (6.1-1ubuntu1) ...
Selecting previously unselected package passwd.
Preparing to unpack .../passwd_1%3a4.5-1ubuntu1_arm64.deb ...
Unpacking passwd (1:4.5-1ubuntu1) ...
Preparing to unpack .../perl-base_5.26.1-6_arm64.deb ...
Unpacking perl-base (5.26.1-6) over (5.26.1-6) ...
Selecting previously unselected package procps.
Preparing to unpack .../procps_2%3a3.3.12-3ubuntu1_arm64.deb ...
Unpacking procps (2:3.3.12-3ubuntu1) ...
Selecting previously unselected package sed.
dpkg: regarding .../archives/sed_4.4-2_arm64.deb containing sed, pre-dependency problem:
 sed pre-depends on libselinux1 (>= 1.32)
  libselinux1:arm64 is unpacked, but has never been configured.

dpkg: warning: ignoring pre-dependency problem!
Preparing to unpack .../archives/sed_4.4-2_arm64.deb ...
Unpacking sed (4.4-2) ...
Selecting previously unselected package sensible-utils.
Preparing to unpack .../sensible-utils_0.0.12_all.deb ...
Unpacking sensible-utils (0.0.12) ...
Selecting previously unselected package sysvinit-utils.
Preparing to unpack .../sysvinit-utils_2.88dsf-59.10ubuntu1_arm64.deb ...
Unpacking sysvinit-utils (2.88dsf-59.10ubuntu1) ...
Selecting previously unselected package tar.
dpkg: regarding .../archives/tar_1.29b-2_arm64.deb containing tar, pre-dependency problem:
 tar pre-depends on libacl1 (>= 2.2.51-8)
  libacl1:arm64 is unpacked, but has never been configured.

dpkg: warning: ignoring pre-dependency problem!
dpkg: regarding .../archives/tar_1.29b-2_arm64.deb containing tar, pre-dependency problem:
 tar pre-depends on libselinux1 (>= 1.32)
  libselinux1:arm64 is unpacked, but has never been configured.

dpkg: warning: ignoring pre-dependency problem!
Preparing to unpack .../archives/tar_1.29b-2_arm64.deb ...
Unpacking tar (1.29b-2) ...
Selecting previously unselected package util-linux.
dpkg: regarding .../util-linux_2.31.1-0.4ubuntu3_arm64.deb containing util-linux, pre-dependency problem:
 util-linux pre-depends on libaudit1 (>= 1:2.2.1)
  libaudit1:arm64 is unpacked, but has never been configured.

dpkg: warning: ignoring pre-dependency problem!
dpkg: regarding .../util-linux_2.31.1-0.4ubuntu3_arm64.deb containing util-linux, pre-dependency problem:
 util-linux pre-depends on libblkid1 (>= 2.31.1)
  libblkid1:arm64 is unpacked, but has never been configured.

dpkg: warning: ignoring pre-dependency problem!
dpkg: regarding .../util-linux_2.31.1-0.4ubuntu3_arm64.deb containing util-linux, pre-dependency problem:
 util-linux pre-depends on libmount1 (>= 2.25)
  libmount1:arm64 is unpacked, but has never been configured.

dpkg: warning: ignoring pre-dependency problem!
dpkg: regarding .../util-linux_2.31.1-0.4ubuntu3_arm64.deb containing util-linux, pre-dependency problem:
 util-linux pre-depends on libpam0g (>= 0.99.7.1)
  libpam0g:arm64 is unpacked, but has never been configured.

dpkg: warning: ignoring pre-dependency problem!
dpkg: regarding .../util-linux_2.31.1-0.4ubuntu3_arm64.deb containing util-linux, pre-dependency problem:
 util-linux pre-depends on libselinux1 (>= 2.6-3~)
  libselinux1:arm64 is unpacked, but has never been configured.

dpkg: warning: ignoring pre-dependency problem!
dpkg: regarding .../util-linux_2.31.1-0.4ubuntu3_arm64.deb containing util-linux, pre-dependency problem:
 util-linux pre-depends on libsmartcols1 (>= 2.30.2)
  libsmartcols1:arm64 is unpacked, but has never been configured.

dpkg: warning: ignoring pre-dependency problem!
dpkg: regarding .../util-linux_2.31.1-0.4ubuntu3_arm64.deb containing util-linux, pre-dependency problem:
 util-linux pre-depends on libsystemd0
  libsystemd0:arm64 is unpacked, but has never been configured.

dpkg: warning: ignoring pre-dependency problem!
dpkg: regarding .../util-linux_2.31.1-0.4ubuntu3_arm64.deb containing util-linux, pre-dependency problem:
 util-linux pre-depends on libtinfo5 (>= 6)
  libtinfo5:arm64 is unpacked, but has never been configured.

dpkg: warning: ignoring pre-dependency problem!
dpkg: regarding .../util-linux_2.31.1-0.4ubuntu3_arm64.deb containing util-linux, pre-dependency problem:
 util-linux pre-depends on libudev1 (>= 183)
  libudev1:arm64 is unpacked, but has never been configured.

dpkg: warning: ignoring pre-dependency problem!
dpkg: regarding .../util-linux_2.31.1-0.4ubuntu3_arm64.deb containing util-linux, pre-dependency problem:
 util-linux pre-depends on libuuid1 (>= 2.16)
  libuuid1:arm64 is unpacked, but has never been configured.

dpkg: warning: ignoring pre-dependency problem!
dpkg: regarding .../util-linux_2.31.1-0.4ubuntu3_arm64.deb containing util-linux, pre-dependency problem:
 util-linux pre-depends on zlib1g (>= 1:1.1.4)
  zlib1g is not installed.

dpkg: warning: ignoring pre-dependency problem!
Preparing to unpack .../util-linux_2.31.1-0.4ubuntu3_arm64.deb ...
Unpacking util-linux (2.31.1-0.4ubuntu3) ...
Selecting previously unselected package zlib1g:arm64.
Preparing to unpack .../zlib1g_1%3a1.2.11.dfsg-0ubuntu2_arm64.deb ...
Unpacking zlib1g:arm64 (1:1.2.11.dfsg-0ubuntu2) ...
Setting up lsb-base (9.20170808ubuntu1) ...
Setting up sensible-utils (0.0.12) ...
Setting up ncurses-base (6.1-1ubuntu1) ...
Setting up libsemanage-common (2.7-2build2) ...
Setting up gcc-8-base:arm64 (8-20180414-1ubuntu2) ...
Setting up libaudit-common (1:2.8.2-1ubuntu1) ...
Setting up libc6:arm64 (2.27-3ubuntu1) ...
Setting up libpcre3:arm64 (2:8.39-9) ...
Setting up libbz2-1.0:arm64 (1.0.6-8.1) ...
Setting up libgpg-error0:arm64 (1.27-6) ...
Setting up libc-bin (2.27-3ubuntu1) ...
Setting up libdebconfclient0:arm64 (0.213ubuntu1) ...
Setting up libselinux1:arm64 (2.7-2build2) ...
Setting up diffutils (1:3.6-1) ...
Setting up findutils (4.6.0+git+20170828-2) ...
Setting up libcap-ng0:arm64 (0.7.7-3.1) ...
Setting up libext2fs2:arm64 (1.44.1-1) ...
Setting up libsepol1:arm64 (2.7-1) ...
Setting up libgcc1:arm64 (1:8-20180414-1ubuntu2) ...
Setting up sed (4.4-2) ...
Setting up libsmartcols1:arm64 (2.31.1-0.4ubuntu3) ...
Setting up libcom-err2:arm64 (1.44.1-1) ...
Setting up libaudit1:arm64 (1:2.8.2-1ubuntu1) ...
Setting up libtinfo5:arm64 (6.1-1ubuntu1) ...
Setting up libudev1:arm64 (237-3ubuntu10) ...
Setting up libattr1:arm64 (1:2.4.47-2build1) ...
Setting up libss2:arm64 (1.44.1-1) ...
Setting up liblzma5:arm64 (5.2.2-1.3) ...
Setting up base-passwd (3.5.44) ...
Setting up liblz4-1:arm64 (0.0~r131-2ubuntu3) ...
Setting up debianutils (4.8.4) ...
Setting up libgcrypt20:arm64 (1.8.1-4ubuntu1) ...
Setting up libncursesw5:arm64 (6.1-1ubuntu1) ...
Setting up libuuid1:arm64 (2.31.1-0.4ubuntu3) ...
Setting up libdb5.3:arm64 (5.3.28-13.1ubuntu1) ...
Setting up zlib1g:arm64 (1:1.2.11.dfsg-0ubuntu2) ...
Setting up hostname (3.20) ...
Setting up mawk (1.3.3-17ubuntu3) ...
Setting up libsystemd0:arm64 (237-3ubuntu10) ...
Setting up libzstd1:arm64 (1.3.3+dfsg-2ubuntu1) ...
Setting up libprocps6:arm64 (2:3.3.12-3ubuntu1) ...
Setting up libblkid1:arm64 (2.31.1-0.4ubuntu3) ...
Setting up base-files (10.1ubuntu2) ...
Setting up libsemanage1:arm64 (2.7-2build2) ...
Setting up libmount1:arm64 (2.31.1-0.4ubuntu3) ...
Setting up libacl1:arm64 (2.2.52-3build1) ...
Setting up ncurses-bin (6.1-1ubuntu1) ...
Setting up libncurses5:arm64 (6.1-1ubuntu1) ...
Setting up bash (4.4.18-2ubuntu1) ...
update-alternatives: using /usr/share/man/man7/bash-builtins.7.gz to provide /usr/share/man/man7/builtins.7.gz (builtins.7.gz) in auto mode
Setting up bsdutils (1:2.31.1-0.4ubuntu3) ...
Setting up libfdisk1:arm64 (2.31.1-0.4ubuntu3) ...
Setting up coreutils (8.28-1ubuntu1) ...
Setting up e2fsprogs (1.44.1-1) ...
Setting up tar (1.29b-2) ...
update-alternatives: using /usr/sbin/rmt-tar to provide /usr/sbin/rmt (rmt) in auto mode
Setting up dpkg (1.19.0.5ubuntu2) ...
Setting up fdisk (2.31.1-0.4ubuntu3) ...
Setting up perl-base (5.26.1-6) ...
Setting up grep (3.1-2) ...
Setting up debconf (1.5.66) ...
Setting up gzip (1.6-5ubuntu1) ...
Setting up dash (0.5.8-2.10) ...
Removing 'diversion of /bin/sh to /bin/sh.distrib by bash'
Adding 'diversion of /bin/sh to /bin/sh.distrib by dash'
Removing 'diversion of /usr/share/man/man1/sh.1.gz to /usr/share/man/man1/sh.distrib.1.gz by bash'
Adding 'diversion of /usr/share/man/man1/sh.1.gz to /usr/share/man/man1/sh.distrib.1.gz by dash'
Setting up init-system-helpers (1.51) ...
Setting up libpam0g:arm64 (1.1.8-3.6ubuntu2) ...
Setting up util-linux (2.31.1-0.4ubuntu3) ...
update-alternatives: using /bin/more to provide /usr/bin/pager (pager) in auto mode
Setting up libpam-modules-bin (1.1.8-3.6ubuntu2) ...
Setting up mount (2.31.1-0.4ubuntu3) ...
Setting up procps (2:3.3.12-3ubuntu1) ...
update-alternatives: using /usr/bin/w.procps to provide /usr/bin/w (w) in auto mode
Setting up sysvinit-utils (2.88dsf-59.10ubuntu1) ...
Setting up libpam-modules:arm64 (1.1.8-3.6ubuntu2) ...
Setting up libpam-runtime (1.1.8-3.6ubuntu2) ...
Setting up passwd (1:4.5-1ubuntu1) ...
Shadow passwords are now on.
Setting up login (1:4.5-1ubuntu1) ...
Processing triggers for libc-bin (2.27-3ubuntu1) ...
(Reading database ... 3543 files and directories currently installed.)
Preparing to unpack .../adduser_3.116ubuntu1_all.deb ...
Unpacking adduser (3.116ubuntu1) ...
Preparing to unpack .../libapparmor1_2.12-4ubuntu5_arm64.deb ...
Unpacking libapparmor1:arm64 (2.12-4ubuntu5) ...
Preparing to unpack .../libargon2-0_0~20161029-1.1_arm64.deb ...
Unpacking libargon2-0:arm64 (0~20161029-1.1) ...
Preparing to unpack .../libcap2_1%3a2.25-1.2_arm64.deb ...
Unpacking libcap2:arm64 (1:2.25-1.2) ...
Preparing to unpack .../libcryptsetup12_2%3a2.0.2-1ubuntu1_arm64.deb ...
Unpacking libcryptsetup12:arm64 (2:2.0.2-1ubuntu1) ...
Preparing to unpack .../libdevmapper1.02.1_2%3a1.02.145-4.1ubuntu3_arm64.deb ...
Unpacking libdevmapper1.02.1:arm64 (2:1.02.145-4.1ubuntu3) ...
Preparing to unpack .../libidn11_1.33-2.1ubuntu1_arm64.deb ...
Unpacking libidn11:arm64 (1.33-2.1ubuntu1) ...
Preparing to unpack .../libip4tc0_1.6.1-2ubuntu2_arm64.deb ...
Unpacking libip4tc0:arm64 (1.6.1-2ubuntu2) ...
Preparing to unpack .../libjson-c3_0.12.1-1.3_arm64.deb ...
Unpacking libjson-c3:arm64 (0.12.1-1.3) ...
Preparing to unpack .../libkmod2_24-1ubuntu3_arm64.deb ...
Unpacking libkmod2:arm64 (24-1ubuntu3) ...
Preparing to unpack .../libseccomp2_2.3.1-2.1ubuntu4_arm64.deb ...
Unpacking libseccomp2:arm64 (2.3.1-2.1ubuntu4) ...
Preparing to unpack .../systemd_237-3ubuntu10_arm64.deb ...
Unpacking systemd (237-3ubuntu10) ...
Setting up adduser (3.116ubuntu1) ...
Setting up libapparmor1:arm64 (2.12-4ubuntu5) ...
Setting up libargon2-0:arm64 (0~20161029-1.1) ...
Setting up libcap2:arm64 (1:2.25-1.2) ...
Setting up libdevmapper1.02.1:arm64 (2:1.02.145-4.1ubuntu3) ...
Setting up libidn11:arm64 (1.33-2.1ubuntu1) ...
Setting up libip4tc0:arm64 (1.6.1-2ubuntu2) ...
Setting up libjson-c3:arm64 (0.12.1-1.3) ...
Setting up libkmod2:arm64 (24-1ubuntu3) ...
Setting up libseccomp2:arm64 (2.3.1-2.1ubuntu4) ...
Setting up libcryptsetup12:arm64 (2:2.0.2-1ubuntu1) ...
Setting up systemd (237-3ubuntu10) ...
Created symlink /etc/systemd/system/getty.target.wants/getty@tty1.service -> /lib/systemd/system/getty@.service.
Created symlink /etc/systemd/system/multi-user.target.wants/remote-fs.target -> /lib/systemd/system/remote-fs.target.
Created symlink /etc/systemd/system/sysinit.target.wants/systemd-timesyncd.service -> /lib/systemd/system/systemd-timesyncd.service.
Created symlink /etc/systemd/system/dbus-org.freedesktop.resolve1.service -> /lib/systemd/system/systemd-resolved.service.
Created symlink /etc/systemd/system/multi-user.target.wants/systemd-resolved.service -> /lib/systemd/system/systemd-resolved.service.
Created symlink /etc/systemd/system/multi-user.target.wants/ondemand.service -> /lib/systemd/system/ondemand.service.
Initializing machine ID from random generator.
Processing triggers for libc-bin (2.27-3ubuntu1) ...
(Reading database ... 4396 files and directories currently installed.)
Preparing to unpack .../archives/apt_1.6.1_arm64.deb ...
Unpacking apt (1.6.1) ...
Preparing to unpack .../ca-certificates_20180409_all.deb ...
Unpacking ca-certificates (20180409) ...
Preparing to unpack .../gpgv_2.2.4-1ubuntu1_arm64.deb ...
Unpacking gpgv (2.2.4-1ubuntu1) ...
Preparing to unpack .../libapt-pkg5.0_1.6.1_arm64.deb ...
Unpacking libapt-pkg5.0:arm64 (1.6.1) ...
Preparing to unpack .../libffi6_3.2.1-8_arm64.deb ...
Unpacking libffi6:arm64 (3.2.1-8) ...
Preparing to unpack .../libgmp10_2%3a6.1.2+dfsg-2_arm64.deb ...
Unpacking libgmp10:arm64 (2:6.1.2+dfsg-2) ...
Preparing to unpack .../libgnutls30_3.5.18-1ubuntu1_arm64.deb ...
Unpacking libgnutls30:arm64 (3.5.18-1ubuntu1) ...
Preparing to unpack .../libhogweed4_3.4-1_arm64.deb ...
Unpacking libhogweed4:arm64 (3.4-1) ...
Preparing to unpack .../libidn2-0_2.0.4-1.1build2_arm64.deb ...
Unpacking libidn2-0:arm64 (2.0.4-1.1build2) ...
Preparing to unpack .../libnettle6_3.4-1_arm64.deb ...
Unpacking libnettle6:arm64 (3.4-1) ...
Preparing to unpack .../libnss-systemd_237-3ubuntu10_arm64.deb ...
Unpacking libnss-systemd:arm64 (237-3ubuntu10) ...
Preparing to unpack .../libp11-kit0_0.23.9-2_arm64.deb ...
Unpacking libp11-kit0:arm64 (0.23.9-2) ...
Preparing to unpack .../libpsl5_0.19.1-5build1_arm64.deb ...
Unpacking libpsl5:arm64 (0.19.1-5build1) ...
Preparing to unpack .../libssl1.1_1.1.0g-2ubuntu4_arm64.deb ...
Unpacking libssl1.1:arm64 (1.1.0g-2ubuntu4) ...
Preparing to unpack .../libstdc++6_8-20180414-1ubuntu2_arm64.deb ...
Unpacking libstdc++6:arm64 (8-20180414-1ubuntu2) ...
Preparing to unpack .../libtasn1-6_4.13-2_arm64.deb ...
Unpacking libtasn1-6:arm64 (4.13-2) ...
Preparing to unpack .../libunistring2_0.9.9-0ubuntu1_arm64.deb ...
Unpacking libunistring2:arm64 (0.9.9-0ubuntu1) ...
Preparing to unpack .../openssl_1.1.0g-2ubuntu4_arm64.deb ...
Unpacking openssl (1.1.0g-2ubuntu4) ...
Preparing to unpack .../systemd-sysv_237-3ubuntu10_arm64.deb ...
Unpacking systemd-sysv (237-3ubuntu10) ...
Preparing to unpack .../ubuntu-keyring_2018.02.28_all.deb ...
Unpacking ubuntu-keyring (2018.02.28) ...
Preparing to unpack .../wget_1.19.4-1ubuntu2_arm64.deb ...
Unpacking wget (1.19.4-1ubuntu2) ...
Processing triggers for libc-bin (2.27-3ubuntu1) ...
Setting up libnss-systemd:arm64 (237-3ubuntu10) ...
First installation detected...
Checking NSS setup...
Setting up libunistring2:arm64 (0.9.9-0ubuntu1) ...
Setting up libnettle6:arm64 (3.4-1) ...
Setting up libidn2-0:arm64 (2.0.4-1.1build2) ...
Setting up libpsl5:arm64 (0.19.1-5build1) ...
Setting up systemd-sysv (237-3ubuntu10) ...
Setting up gpgv (2.2.4-1ubuntu1) ...
Setting up libtasn1-6:arm64 (4.13-2) ...
Setting up libgmp10:arm64 (2:6.1.2+dfsg-2) ...
Setting up libssl1.1:arm64 (1.1.0g-2ubuntu4) ...
Setting up openssl (1.1.0g-2ubuntu4) ...
Setting up wget (1.19.4-1ubuntu2) ...
Setting up libstdc++6:arm64 (8-20180414-1ubuntu2) ...
Setting up libffi6:arm64 (3.2.1-8) ...
Setting up ca-certificates (20180409) ...
Updating certificates in /etc/ssl/certs...
133 added, 0 removed; done.
Setting up ubuntu-keyring (2018.02.28) ...
Setting up libapt-pkg5.0:arm64 (1.6.1) ...
Setting up libhogweed4:arm64 (3.4-1) ...
Setting up libp11-kit0:arm64 (0.23.9-2) ...
Setting up libgnutls30:arm64 (3.5.18-1ubuntu1) ...
Setting up apt (1.6.1) ...
Created symlink /etc/systemd/system/timers.target.wants/apt-daily-upgrade.timer -> /lib/systemd/system/apt-daily-upgrade.timer.
Created symlink /etc/systemd/system/timers.target.wants/apt-daily.timer -> /lib/systemd/system/apt-daily.timer.
Processing triggers for libc-bin (2.27-3ubuntu1) ...
Processing triggers for ca-certificates (20180409) ...
Updating certificates in /etc/ssl/certs...
0 added, 0 removed; done.
Running hooks in /etc/ca-certificates/update.d...
done.
